0 info it worked if it ends with ok
1 verbose cli [ '/usr/local/bin/node',
1 verbose cli   '/usr/local/bin/npm',
1 verbose cli   'i',
1 verbose cli   '--save',
1 verbose cli   'GoogleMapsReactComponent' ]
2 info using npm@2.15.1
3 info using node@v4.4.3
4 verbose install initial load of /Users/ashleystanbridge/Desktop/jiiffee/jiiffee/package.json
5 warn package.json jiiffee@1.0.0 No description
6 warn package.json jiiffee@1.0.0 No repository field.
7 warn package.json jiiffee@1.0.0 No README data
8 verbose installManyTop reading scoped package data from /Users/ashleystanbridge/Desktop/jiiffee/jiiffee/node_modules/babel-core/package.json
9 verbose installManyTop reading scoped package data from /Users/ashleystanbridge/Desktop/jiiffee/jiiffee/node_modules/babel-loader/package.json
10 verbose installManyTop reading scoped package data from /Users/ashleystanbridge/Desktop/jiiffee/jiiffee/node_modules/babel-preset-es2015/package.json
11 verbose installManyTop reading scoped package data from /Users/ashleystanbridge/Desktop/jiiffee/jiiffee/node_modules/babel-preset-react/package.json
12 verbose installManyTop reading scoped package data from /Users/ashleystanbridge/Desktop/jiiffee/jiiffee/node_modules/google-maps-react/package.json
13 verbose installManyTop reading scoped package data from /Users/ashleystanbridge/Desktop/jiiffee/jiiffee/node_modules/react/package.json
14 verbose installManyTop reading scoped package data from /Users/ashleystanbridge/Desktop/jiiffee/jiiffee/node_modules/react-dom/package.json
15 verbose installManyTop reading scoped package data from /Users/ashleystanbridge/Desktop/jiiffee/jiiffee/node_modules/react-google-maps/package.json
16 verbose installManyTop reading scoped package data from /Users/ashleystanbridge/Desktop/jiiffee/jiiffee/node_modules/superagent/package.json
17 verbose installManyTop reading scoped package data from /Users/ashleystanbridge/Desktop/jiiffee/jiiffee/node_modules/webpack/package.json
18 verbose installManyTop reading scoped package data from /Users/ashleystanbridge/Desktop/jiiffee/jiiffee/node_modules/webpack-dev-server/package.json
19 verbose readDependencies loading dependencies from /Users/ashleystanbridge/Desktop/jiiffee/jiiffee/package.json
20 silly cache add args [ 'GoogleMapsReactComponent', null ]
21 verbose cache add spec GoogleMapsReactComponent
22 silly cache add parsed spec Result {
22 silly cache add   raw: 'GoogleMapsReactComponent',
22 silly cache add   scope: null,
22 silly cache add   name: 'GoogleMapsReactComponent',
22 silly cache add   rawSpec: '',
22 silly cache add   spec: 'latest',
22 silly cache add   type: 'tag' }
23 silly addNamed GoogleMapsReactComponent@latest
24 verbose addNamed "latest" is being treated as a dist-tag for GoogleMapsReactComponent
25 info addNameTag [ 'GoogleMapsReactComponent', 'latest' ]
26 silly mapToRegistry name GoogleMapsReactComponent
27 silly mapToRegistry using default registry
28 silly mapToRegistry registry https://registry.npmjs.org/
29 silly mapToRegistry data Result {
29 silly mapToRegistry   raw: 'GoogleMapsReactComponent',
29 silly mapToRegistry   scope: null,
29 silly mapToRegistry   name: 'GoogleMapsReactComponent',
29 silly mapToRegistry   rawSpec: '',
29 silly mapToRegistry   spec: 'latest',
29 silly mapToRegistry   type: 'tag' }
30 silly mapToRegistry uri https://registry.npmjs.org/GoogleMapsReactComponent
31 verbose addNameTag registry:https://registry.npmjs.org/GoogleMapsReactComponent not in flight; fetching
32 verbose request uri https://registry.npmjs.org/GoogleMapsReactComponent
33 verbose request no auth needed
34 info attempt registry request try #1 at 12:46:16 PM
35 verbose request id 54bd502f103faf39
36 verbose etag W/"57229713-1a6"
37 verbose lastModified Thu, 28 Apr 2016 23:04:51 GMT
38 http request GET https://registry.npmjs.org/GoogleMapsReactComponent
39 http 404 https://registry.npmjs.org/GoogleMapsReactComponent
40 verbose headers { server: 'CouchDB/1.5.0 (Erlang OTP/R16B03)',
40 verbose headers   'content-type': 'application/json',
40 verbose headers   etag: '"57229713-1a6"',
40 verbose headers   'cache-control': 'max-age=0',
40 verbose headers   'content-length': '422',
40 verbose headers   'accept-ranges': 'bytes',
40 verbose headers   date: 'Tue, 22 Nov 2016 01:46:17 GMT',
40 verbose headers   via: '1.1 varnish',
40 verbose headers   age: '0',
40 verbose headers   connection: 'keep-alive',
40 verbose headers   'x-served-by': 'cache-hkg6821-HKG',
40 verbose headers   'x-cache': 'MISS',
40 verbose headers   'x-cache-hits': '0',
40 verbose headers   'x-timer': 'S1479779177.020100,VS0,VE401',
40 verbose headers   vary: 'Accept-Encoding' }
41 silly get cb [ 304, undefined ]
42 verbose etag https://registry.npmjs.org/GoogleMapsReactComponent from cache
43 verbose get saving GoogleMapsReactComponent to /Users/ashleystanbridge/.npm/registry.npmjs.org/GoogleMapsReactComponent/.cache.json
44 verbose correctMkdir /Users/ashleystanbridge/.npm correctMkdir not in flight; initializing
45 silly addNameTag next cb for GoogleMapsReactComponent with tag latest
46 verbose stack TypeError: Cannot convert undefined or null to object
46 verbose stack     at Function.keys (native)
46 verbose stack     at installTargetsError (/usr/local/lib/node_modules/npm/lib/cache/add-named.js:273:24)
46 verbose stack     at next (/usr/local/lib/node_modules/npm/lib/cache/add-named.js:94:10)
46 verbose stack     at RES (/usr/local/lib/node_modules/npm/node_modules/inflight/inflight.js:23:14)
46 verbose stack     at f (/usr/local/lib/node_modules/npm/node_modules/once/once.js:17:25)
46 verbose stack     at fixName (/usr/local/lib/node_modules/npm/lib/cache/add-named.js:29:5)
46 verbose stack     at saved (/usr/local/lib/node_modules/npm/lib/cache/caching-client.js:173:7)
46 verbose stack     at /usr/local/lib/node_modules/npm/node_modules/graceful-fs/polyfills.js:210:7
46 verbose stack     at FSReqWrap.oncomplete (fs.js:82:15)
47 verbose cwd /Users/ashleystanbridge/Desktop/jiiffee/jiiffee
48 error Darwin 15.4.0
49 error argv "/usr/local/bin/node" "/usr/local/bin/npm" "i" "--save" "GoogleMapsReactComponent"
50 error node v4.4.3
51 error npm  v2.15.1
52 error Cannot convert undefined or null to object
53 error If you need help, you may report this error at:
53 error     <https://github.com/npm/npm/issues>
54 verbose exit [ 1, true ]
